E:\MyWork\C\project\Game\Game\Release\cl.command.1.tlog
E:\MyWork\C\project\Game\Game\Release\CL.read.1.tlog
E:\MyWork\C\project\Game\Game\Release\CL.write.1.tlog
E:\MYWORK\C\PROJECT\GAME\GAME\RELEASE\GAME.EXE.INTERMEDIATE.MANIFEST
E:\MYWORK\C\PROJECT\GAME\GAME\RELEASE\GAME.OBJ
E:\MYWORK\C\PROJECT\GAME\GAME\RELEASE\GAME.PCH
E:\MYWORK\C\PROJECT\GAME\GAME\RELEASE\GAME.RES
E:\MyWork\C\project\Game\Game\Release\Game.write.1.tlog
E:\MyWork\C\project\Game\Game\Release\link.command.1.tlog
E:\MyWork\C\project\Game\Game\Release\link.read.1.tlog
E:\MyWork\C\project\Game\Game\Release\link.write.1.tlog
E:\MyWork\C\project\Game\Game\Release\link-cvtres.read.1.tlog
E:\MyWork\C\project\Game\Game\Release\link-cvtres.write.1.tlog
E:\MYWORK\C\PROJECT\GAME\GAME\RELEASE\MAP.OBJ
E:\MYWORK\C\PROJECT\GAME\GAME\RELEASE\MONSTER.OBJ
E:\MyWork\C\project\Game\Game\Release\mt.command.1.tlog
E:\MyWork\C\project\Game\Game\Release\mt.read.1.tlog
E:\MyWork\C\project\Game\Game\Release\mt.write.1.tlog
E:\MYWORK\C\PROJECT\GAME\GAME\RELEASE\PAINTMONSTER.OBJ
E:\MYWORK\C\PROJECT\GAME\GAME\RELEASE\PEOPLE.OBJ
E:\MyWork\C\project\Game\Game\Release\rc.command.1.tlog
E:\MyWork\C\project\Game\Game\Release\rc.read.1.tlog
E:\MyWork\C\project\Game\Game\Release\rc.write.1.tlog
E:\MYWORK\C\PROJECT\GAME\GAME\RELEASE\STDAFX.OBJ
E:\MYWORK\C\PROJECT\GAME\GAME\RELEASE\VC100.PDB
E:\MYWORK\C\PROJECT\GAME\GAME\RELEASE\WM_PAINT.OBJ
E:\MYWORK\C\PROJECT\GAME\RELEASE\GAME.EXE
E:\MYWORK\C\PROJECT\GAME\RELEASE\GAME.PDB
